<?xml version="1.0" encoding="UTF-8"?>
<!-- Generated by org.testng.reporters.JUnitXMLReporter -->
<testsuite hostname="TCSDEN7JFYKP2" ignored="1" name="Default test" tests="12" failures="0" timestamp="10 Jul 2022 10:23:01 GMT" time="81.687" errors="0">
  <testcase name="tc2" time="0.448" classname="org.Testngconcepts.Employee"/>
  <testcase name="tc2" time="0.209" classname="org.Testngconcepts.Employee"/>
  <testcase name="tc2" time="0.204" classname="org.Testngconcepts.Employee"/>
  <testcase name="tc2" time="0.188" classname="org.Testngconcepts.Employee"/>
  <testcase name="tc2" time="0.214" classname="org.Testngconcepts.Employee"/>
  <testcase name="tc2" time="0.229" classname="org.Testngconcepts.Employee"/>
  <testcase name="tc2" time="0.354" classname="org.Testngconcepts.Employee"/>
  <testcase name="tc2" time="0.21" classname="org.Testngconcepts.Employee"/>
  <testcase name="tc2" time="0.18" classname="org.Testngconcepts.Employee"/>
  <testcase name="tc2" time="0.226" classname="org.Testngconcepts.Employee"/>
  <testcase name="tc1" time="3.349" classname="org.Testngconcepts.Employee"/>
  <testcase name="tc3" time="0.202" classname="org.Testngconcepts.Employee"/>
  <testcase name="tc4" time="0.0" classname="org.Testngconcepts.Employee">
    <ignored/>
  </testcase> <!-- tc4 -->
</testsuite> <!-- Default test -->
