<?xml version="1.0" encoding="UTF-8"?>
<!-- Generated by org.testng.reporters.JUnitXMLReporter -->
<testsuite hostname="TCSDEN7JFYKP2" ignored="3" name="Test" tests="1" failures="0" timestamp="10 Jul 2022 12:16:53 GMT" time="30.634" errors="0">
  <testcase name="tc3" time="1.085" classname="org.Testngconcepts.Employee1"/>
  <testcase name="tc1" time="0.0" classname="org.Testngconcepts.Employee1">
    <ignored/>
  </testcase> <!-- tc1 -->
  <testcase name="tc2" time="0.0" classname="org.Testngconcepts.Employee1">
    <ignored/>
  </testcase> <!-- tc2 -->
  <testcase name="tc4" time="0.0" classname="org.Testngconcepts.Employee1">
    <ignored/>
  </testcase> <!-- tc4 -->
</testsuite> <!-- Test -->
