<?xml version="1.0" encoding="UTF-8"?>
<!-- Generated by org.testng.reporters.JUnitXMLReporter -->
<testsuite hostname="TCSDEN7JFYKP2" ignored="0" name="Test 3" tests="1" failures="1" timestamp="15 Jul 2022 11:33:54 GMT" time="6.202" errors="0">
  <testcase name="tc1" time="6.174" classname="org.Testngconcepts.Employee4">
    <failure type="io.github.bonigarcia.wdm.config.WebDriverManagerException" message="io.github.bonigarcia.wdm.config.WebDriverManagerException: No proper candidate URL to download edgedriver 103.0.1264.51">
      <![CDATA[io.github.bonigarcia.wdm.config.WebDriverManagerException: io.github.bonigarcia.wdm.config.WebDriverManagerException: No proper candidate URL to download edgedriver 103.0.1264.51
at io.github.bonigarcia.wdm.WebDriverManager.handleException(WebDriverManager.java:725)
at io.github.bonigarcia.wdm.WebDriverManager.manage(WebDriverManager.java:531)
at io.github.bonigarcia.wdm.WebDriverManager.handleException(WebDriverManager.java:722)
at io.github.bonigarcia.wdm.WebDriverManager.manage(WebDriverManager.java:531)
at io.github.bonigarcia.wdm.WebDriverManager.setup(WebDriverManager.java:277)
at org.Testngconcepts.Employee4.tc1(Employee4.java:36)
at java.util.concurrent.FutureTask.run(Unknown Source)
at java.util.concurrent.ThreadPoolExecutor.runWorker(Unknown Source)
at java.util.concurrent.ThreadPoolExecutor$Worker.run(Unknown Source)
at java.lang.Thread.run(Unknown Source)
Caused by: io.github.bonigarcia.wdm.config.WebDriverManagerException: No proper candidate URL to download edgedriver 103.0.1264.51
at io.github.bonigarcia.wdm.online.UrlHandler.getCandidateUrl(UrlHandler.java:284)
at io.github.bonigarcia.wdm.WebDriverManager.download(WebDriverManager.java:594)
at io.github.bonigarcia.wdm.WebDriverManager.manage(WebDriverManager.java:525)
... 24 more
... Removed 16 stack frames]]>
    </failure>
  </testcase> <!-- tc1 -->
</testsuite> <!-- Test 3 -->
